2024-11-06 17:26:28,930 [INFO] Activator:176 - 


2024-11-06 17:26:29,036 [INFO] Activator:177 - !SESSION log4j initialized
2024-11-06 17:26:42,827 [INFO] LogOutputStream:77 - [STDOUT_REDIRECT] 
2024-11-06 17:26:56,496 [INFO] ApplicationProperties:184 - Using Application install path: D:\Program Files\STM32CubeIDE_1.16.1\STM32CubeIDE\plugins\com.st.stm32cube.common.mx_6.12.1.202409122256
2024-11-06 17:26:56,568 [INFO] DbMcusXml:78 - Set database path to: D:\Program Files\STM32CubeIDE_1.16.1\STM32CubeIDE\plugins\com.st.stm32cube.common.mx_6.12.1.202409122256\\db\/mcu/
2024-11-06 17:26:56,569 [INFO] ApiDb:274 - Set plugin database path to: D:\Program Files\STM32CubeIDE_1.16.1\STM32CubeIDE\plugins\com.st.stm32cube.common.mx_6.12.1.202409122256\\db\/plugins/boardmanager/
2024-11-06 17:26:56,570 [WARN] ApiDb:259 - Overriding images path with different value:  => D:\Program Files\STM32CubeIDE_1.16.1\STM32CubeIDE\plugins\com.st.stm32cube.common.mx_6.12.1.202409122256\\db\/plugins/mcufinder/images/
2024-11-06 17:26:56,594 [INFO] ApiDb:250 - Set database path to: C:\Users\root\.stmcufinder\plugins\mcufinder//mcu/
2024-11-06 17:26:56,595 [INFO] DbMcusAds:125 - Set database path to: C:\Users\root\.stmcufinder\plugins\mcufinder//mcu/
2024-11-06 17:26:56,617 [INFO] CrossReferenceDbSqlite:203 - Set database path to: C:\Users\root\.stmcufinder\plugins\mcufinder//mcu/cs/
2024-11-06 17:26:56,882 [INFO] RulesReader:64 - Compatibility file has been processed (297 Rules)
2024-11-06 17:26:57,178 [INFO] DbMcusXml:78 - Set database path to: D:\Program Files\STM32CubeIDE_1.16.1\STM32CubeIDE\plugins\com.st.stm32cube.common.mx_6.12.1.202409122256\\db\/mcu/
2024-11-06 17:26:57,178 [INFO] ApiDb:274 - Set plugin database path to: D:\Program Files\STM32CubeIDE_1.16.1\STM32CubeIDE\plugins\com.st.stm32cube.common.mx_6.12.1.202409122256\\db\/plugins/boardmanager/
2024-11-06 17:26:57,178 [INFO] ApiDb:261 - Set plugin images path to: D:\Program Files\STM32CubeIDE_1.16.1\STM32CubeIDE\plugins\com.st.stm32cube.common.mx_6.12.1.202409122256\\db\/plugins/mcufinder/images/
2024-11-06 17:26:57,179 [WARN] DbFile:41 - Overriding database path with different value: C:\Users\root\.stmcufinder\plugins\mcufinder/ => C:\Users\root\.stmcufinder\plugins\mcufinder
2024-11-06 17:26:57,179 [INFO] ApiDb:250 - Set database path to: C:\Users\root\.stmcufinder\plugins\mcufinder//mcu/
2024-11-06 17:26:57,179 [WARN] DbFile:41 - Overriding database path with different value: C:\Users\root\.stmcufinder\plugins\mcufinder/ => C:\Users\root\.stmcufinder\plugins\mcufinder
2024-11-06 17:26:57,179 [INFO] DbMcusAds:125 - Set database path to: C:\Users\root\.stmcufinder\plugins\mcufinder//mcu/
2024-11-06 17:26:57,179 [WARN] DbFile:41 - Overriding database path with different value: C:\Users\root\.stmcufinder\plugins\mcufinder/ => C:\Users\root\.stmcufinder\plugins\mcufinder
2024-11-06 17:26:57,179 [WARN] DbFile:41 - Overriding database path with different value: C:\Users\root\.stmcufinder\plugins\mcufinder/ => C:\Users\root\.stmcufinder\plugins\mcufinder
2024-11-06 17:26:57,179 [INFO] CrossReferenceDbSqlite:203 - Set database path to: C:\Users\root\.stmcufinder\plugins\mcufinder//mcu/cs/
2024-11-06 17:26:57,528 [INFO] MainPanel:268 - HeapMemory: 268435456
2024-11-06 17:26:57,905 [INFO] DbMcusXml:78 - Set database path to: D:\Program Files\STM32CubeIDE_1.16.1\STM32CubeIDE\plugins\com.st.stm32cube.common.mx_6.12.1.202409122256\\db\/mcu/
2024-11-06 17:26:57,905 [INFO] ApiDb:274 - Set plugin database path to: D:\Program Files\STM32CubeIDE_1.16.1\STM32CubeIDE\plugins\com.st.stm32cube.common.mx_6.12.1.202409122256\\db\/plugins/boardmanager/
2024-11-06 17:26:57,905 [INFO] ApiDb:261 - Set plugin images path to: D:\Program Files\STM32CubeIDE_1.16.1\STM32CubeIDE\plugins\com.st.stm32cube.common.mx_6.12.1.202409122256\\db\/plugins/mcufinder/images/
2024-11-06 17:26:57,906 [WARN] DbFile:41 - Overriding database path with different value: C:\Users\root\.stmcufinder\plugins\mcufinder/ => C:\Users\root\.stmcufinder\plugins\mcufinder
2024-11-06 17:26:57,906 [INFO] ApiDb:250 - Set database path to: C:\Users\root\.stmcufinder\plugins\mcufinder//mcu/
2024-11-06 17:26:57,906 [WARN] DbFile:41 - Overriding database path with different value: C:\Users\root\.stmcufinder\plugins\mcufinder/ => C:\Users\root\.stmcufinder\plugins\mcufinder
2024-11-06 17:26:57,906 [INFO] DbMcusAds:125 - Set database path to: C:\Users\root\.stmcufinder\plugins\mcufinder//mcu/
2024-11-06 17:26:57,906 [WARN] DbFile:41 - Overriding database path with different value: C:\Users\root\.stmcufinder\plugins\mcufinder/ => C:\Users\root\.stmcufinder\plugins\mcufinder
2024-11-06 17:26:57,906 [WARN] DbFile:41 - Overriding database path with different value: C:\Users\root\.stmcufinder\plugins\mcufinder/ => C:\Users\root\.stmcufinder\plugins\mcufinder
2024-11-06 17:26:57,906 [INFO] CrossReferenceDbSqlite:203 - Set database path to: C:\Users\root\.stmcufinder\plugins\mcufinder//mcu/cs/
2024-11-06 17:26:57,991 [INFO] ApplicationProperties:184 - Using Application install path: D:\Program Files\STM32CubeIDE_1.16.1\STM32CubeIDE\plugins\com.st.stm32cube.common.mx_6.12.1.202409122256
2024-11-06 17:26:57,997 [INFO] PluginManage:196 - Search for loadable plugins [exclusion list=, ]
2024-11-06 17:26:58,004 [INFO] PluginManage:310 - Check plugin analytics
2024-11-06 17:27:02,848 [INFO] AnalyticsPlugin:253 - Accepted Software Licenses: 
2024-11-06 17:27:02,849 [INFO] AnalyticsPlugin:255 - Accepted CMSIS Pack Licenses: 
2024-11-06 17:27:02,849 [INFO] AnalyticsPlugin:257 - Accepted Firmware Licenses: FW.F4.1.28.0
2024-11-06 17:27:02,852 [INFO] PluginManage:359 - Loaded plugin analytics (category:tool,tabindex:-1)
2024-11-06 17:27:02,852 [INFO] PluginManage:310 - Check plugin cadmodel
2024-11-06 17:27:03,060 [INFO] CADModel:105 - Init CAD model plugin
2024-11-06 17:27:03,060 [INFO] PluginManage:359 - Loaded plugin cadmodel (category:power,tabindex:5)
2024-11-06 17:27:03,061 [INFO] PluginManage:310 - Check plugin clock
2024-11-06 17:27:03,111 [INFO] PluginManage:359 - Loaded plugin clock (category:base,tabindex:2)
2024-11-06 17:27:03,112 [INFO] PluginManage:310 - Check plugin ddr
2024-11-06 17:27:03,130 [INFO] PluginManage:359 - Loaded plugin ddr (category:tool,tabindex:6)
2024-11-06 17:27:03,130 [INFO] PluginManage:310 - Check plugin filemanager
2024-11-06 17:27:03,534 [INFO] PluginManage:359 - Loaded plugin filemanager (category:base,tabindex:10)
2024-11-06 17:27:03,534 [INFO] PluginManage:310 - Check plugin ipmanager
2024-11-06 17:27:03,560 [INFO] PluginManage:359 - Loaded plugin ipmanager (category:base,tabindex:5)
2024-11-06 17:27:03,561 [INFO] PluginManage:310 - Check plugin lpbam
2024-11-06 17:27:03,581 [INFO] PluginManage:359 - Loaded plugin lpbam (category:base,tabindex:0)
2024-11-06 17:27:03,581 [INFO] PluginManage:310 - Check plugin memorymap
2024-11-06 17:27:03,634 [INFO] PluginManage:359 - Loaded plugin memorymap (category:base,tabindex:4)
2024-11-06 17:27:03,635 [INFO] PluginManage:310 - Check plugin pinoutandconfiguration
2024-11-06 17:27:03,658 [INFO] PluginManage:359 - Loaded plugin pinoutandconfiguration (category:base,tabindex:1)
2024-11-06 17:27:03,658 [INFO] PluginManage:310 - Check plugin pinoutconfig
2024-11-06 17:27:03,960 [WARN] SupportedApi:132 - Cannot load RTOS API schema: s4s-elt-must-match.1: The content of 'definitions' must match (annotation?, (simpleType | complexType)?, (unique | key | keyref)*)). A problem was found starting at: attribute.
2024-11-06 17:27:04,568 [INFO] PluginManage:359 - Loaded plugin pinoutconfig (category:base,tabindex:0)
2024-11-06 17:27:04,568 [INFO] PluginManage:310 - Check plugin power
2024-11-06 17:27:04,616 [INFO] PluginManage:359 - Loaded plugin power (category:power,tabindex:4)
2024-11-06 17:27:04,616 [INFO] PluginManage:310 - Check plugin projectmanager
2024-11-06 17:27:04,640 [INFO] PluginManage:359 - Loaded plugin projectmanager (category:projectmanager,tabindex:4)
2024-11-06 17:27:04,640 [INFO] PluginManage:310 - Check plugin rif
2024-11-06 17:27:04,666 [INFO] PluginManage:359 - Loaded plugin rif (category:base,tabindex:3)
2024-11-06 17:27:04,666 [INFO] PluginManage:310 - Check plugin thirdparty
2024-11-06 17:27:05,159 [INFO] PluginManage:359 - Loaded plugin thirdparty (category:base,tabindex:-1)
2024-11-06 17:27:05,159 [WARN] IntegrityCheckThread:84 - waiting for thirdparty lock release [integrity check]
2024-11-06 17:27:05,160 [INFO] PluginManage:310 - Check plugin tools
2024-11-06 17:27:05,160 [INFO] IntegrityCheckThread:86 - entering critical section [integrity check]
2024-11-06 17:27:05,160 [INFO] ThirdPartyUpdaterWithRetryManager:70 - Updater plugin not ready yet. [1/15]
2024-11-06 17:27:05,219 [INFO] PluginManage:359 - Loaded plugin tools (category:base,tabindex:7)
2024-11-06 17:27:05,219 [INFO] PluginManage:310 - Check plugin tutovideos
2024-11-06 17:27:05,616 [INFO] PluginManage:359 - Loaded plugin tutovideos (category:base,tabindex:-1)
2024-11-06 17:27:05,616 [INFO] PluginManage:310 - Check plugin updater
2024-11-06 17:27:05,663 [INFO] PluginManage:359 - Loaded plugin updater (category:base,tabindex:12)
2024-11-06 17:27:05,663 [INFO] PluginManage:310 - Check plugin userauth
2024-11-06 17:27:05,689 [INFO] UserAuth:113 - Init User Auth plugin
2024-11-06 17:27:05,689 [INFO] PluginManage:359 - Loaded plugin userauth (category:base,tabindex:14)
2024-11-06 17:27:05,689 [INFO] PluginManage:283 - PluginManage : Loaded plugins [18]
2024-11-06 17:27:06,434 [INFO] PinOutPanel:1561 - setPackage(No Configuration,No Configuration)
2024-11-06 17:27:06,887 [INFO] CADModel:165 - CPN selected for project level
2024-11-06 17:27:06,888 [INFO] CADModel:114 - Register for checkConnection events
2024-11-06 17:27:06,944 [INFO] IPUIPlugin:80 - create IPUIPlugin
2024-11-06 17:27:06,944 [INFO] PluginManager:220 - loadIPPluginJar : add adc
2024-11-06 17:27:06,990 [INFO] IPUIPlugin:80 - create IPUIPlugin
2024-11-06 17:27:06,990 [INFO] PluginManager:220 - loadIPPluginJar : add aes
2024-11-06 17:27:07,122 [INFO] IPUIPlugin:80 - create IPUIPlugin
2024-11-06 17:27:07,122 [INFO] PluginManager:220 - loadIPPluginJar : add can
2024-11-06 17:27:07,154 [INFO] IPUIPlugin:80 - create IPUIPlugin
2024-11-06 17:27:07,154 [INFO] PluginManager:220 - loadIPPluginJar : add comp
2024-11-06 17:27:07,199 [INFO] IPUIPlugin:80 - create IPUIPlugin
2024-11-06 17:27:07,200 [INFO] PluginManager:220 - loadIPPluginJar : add cryp
2024-11-06 17:27:07,234 [INFO] IPUIPlugin:80 - create IPUIPlugin
2024-11-06 17:27:07,234 [INFO] PluginManager:220 - loadIPPluginJar : add ddr_ctrl_phy
2024-11-06 17:27:07,289 [INFO] IPUIPlugin:80 - create IPUIPlugin
2024-11-06 17:27:07,289 [INFO] PluginManager:220 - loadIPPluginJar : add dfsdm
2024-11-06 17:27:07,313 [INFO] IPUIPlugin:80 - create IPUIPlugin
2024-11-06 17:27:07,314 [INFO] PluginManager:220 - loadIPPluginJar : add dma
2024-11-06 17:27:07,363 [INFO] IPUIPlugin:80 - create IPUIPlugin
2024-11-06 17:27:07,363 [INFO] PluginManager:220 - loadIPPluginJar : add dma3
2024-11-06 17:27:07,446 [INFO] IPUIPlugin:80 - create IPUIPlugin
2024-11-06 17:27:07,446 [INFO] PluginManager:220 - loadIPPluginJar : add extmemmanager
2024-11-06 17:27:07,464 [INFO] IPUIPlugin:80 - create IPUIPlugin
2024-11-06 17:27:07,465 [INFO] PluginManager:220 - loadIPPluginJar : add fatfs
2024-11-06 17:27:07,523 [INFO] IPUIPlugin:80 - create IPUIPlugin
2024-11-06 17:27:07,523 [INFO] PluginManager:220 - loadIPPluginJar : add fmc
2024-11-06 17:27:07,540 [INFO] IPUIPlugin:80 - create IPUIPlugin
2024-11-06 17:27:07,540 [INFO] PluginManager:220 - loadIPPluginJar : add freertos
2024-11-06 17:27:07,578 [INFO] IPUIPlugin:80 - create IPUIPlugin
2024-11-06 17:27:07,578 [INFO] PluginManager:220 - loadIPPluginJar : add genericplugin
2024-11-06 17:27:07,661 [INFO] IPUIPlugin:80 - create IPUIPlugin
2024-11-06 17:27:07,661 [INFO] PluginManager:220 - loadIPPluginJar : add gfxmmu
2024-11-06 17:27:07,798 [INFO] IPUIPlugin:80 - create IPUIPlugin
2024-11-06 17:27:07,799 [INFO] PluginManager:220 - loadIPPluginJar : add gic
2024-11-06 17:27:07,811 [INFO] IPUIPlugin:80 - create IPUIPlugin
2024-11-06 17:27:07,812 [INFO] PluginManager:220 - loadIPPluginJar : add gpio
2024-11-06 17:27:07,911 [INFO] IPUIPlugin:80 - create IPUIPlugin
2024-11-06 17:27:07,911 [INFO] PluginManager:220 - loadIPPluginJar : add gtzc
2024-11-06 17:27:07,953 [INFO] IPUIPlugin:80 - create IPUIPlugin
2024-11-06 17:27:07,953 [INFO] PluginManager:220 - loadIPPluginJar : add hash
2024-11-06 17:27:08,020 [INFO] IPUIPlugin:80 - create IPUIPlugin
2024-11-06 17:27:08,020 [INFO] PluginManager:220 - loadIPPluginJar : add i2c
2024-11-06 17:27:08,082 [INFO] IPUIPlugin:80 - create IPUIPlugin
2024-11-06 17:27:08,082 [INFO] PluginManager:220 - loadIPPluginJar : add i2s
2024-11-06 17:27:08,133 [INFO] IPUIPlugin:80 - create IPUIPlugin
2024-11-06 17:27:08,134 [INFO] PluginManager:220 - loadIPPluginJar : add i3c
2024-11-06 17:27:08,164 [INFO] ThirdPartyUpdaterWithRetryManager:70 - Updater plugin not ready yet. [2/15]
2024-11-06 17:27:08,315 [INFO] IPUIPlugin:80 - create IPUIPlugin
2024-11-06 17:27:08,315 [INFO] PluginManager:220 - loadIPPluginJar : add ipddr
2024-11-06 17:27:08,557 [INFO] IPUIPlugin:80 - create IPUIPlugin
2024-11-06 17:27:08,557 [INFO] PluginManager:220 - loadIPPluginJar : add linkedlist
2024-11-06 17:27:08,616 [INFO] IPUIPlugin:80 - create IPUIPlugin
2024-11-06 17:27:08,617 [INFO] PluginManager:220 - loadIPPluginJar : add lorawan
2024-11-06 17:27:08,664 [INFO] IPUIPlugin:80 - create IPUIPlugin
2024-11-06 17:27:08,664 [INFO] PluginManager:220 - loadIPPluginJar : add ltdc
2024-11-06 17:27:08,685 [INFO] IPUIPlugin:80 - create IPUIPlugin
2024-11-06 17:27:08,686 [INFO] PluginManager:220 - loadIPPluginJar : add mdma
2024-11-06 17:27:08,699 [INFO] IPUIPlugin:80 - create IPUIPlugin
2024-11-06 17:27:08,699 [INFO] PluginManager:220 - loadIPPluginJar : add nvic
2024-11-06 17:27:08,771 [INFO] IPUIPlugin:80 - create IPUIPlugin
2024-11-06 17:27:08,772 [INFO] PluginManager:220 - loadIPPluginJar : add opamp
2024-11-06 17:27:08,860 [INFO] IPUIPlugin:80 - create IPUIPlugin
2024-11-06 17:27:08,860 [INFO] PluginManager:220 - loadIPPluginJar : add openamp
2024-11-06 17:27:08,916 [INFO] IPUIPlugin:80 - create IPUIPlugin
2024-11-06 17:27:08,916 [INFO] PluginManager:220 - loadIPPluginJar : add pdm2pcm
2024-11-06 17:27:08,931 [INFO] IPUIPlugin:80 - create IPUIPlugin
2024-11-06 17:27:08,933 [INFO] PluginManager:220 - loadIPPluginJar : add plateformsettings
2024-11-06 17:27:08,968 [INFO] IPUIPlugin:80 - create IPUIPlugin
2024-11-06 17:27:08,969 [INFO] PluginManager:220 - loadIPPluginJar : add quadspi
2024-11-06 17:27:09,016 [INFO] IPUIPlugin:80 - create IPUIPlugin
2024-11-06 17:27:09,017 [INFO] PluginManager:220 - loadIPPluginJar : add radio
2024-11-06 17:27:09,055 [INFO] IPUIPlugin:80 - create IPUIPlugin
2024-11-06 17:27:09,056 [INFO] PluginManager:220 - loadIPPluginJar : add resmgrutility
2024-11-06 17:27:09,134 [INFO] IPUIPlugin:80 - create IPUIPlugin
2024-11-06 17:27:09,134 [INFO] PluginManager:220 - loadIPPluginJar : add sai
2024-11-06 17:27:09,192 [INFO] IPUIPlugin:80 - create IPUIPlugin
2024-11-06 17:27:09,192 [INFO] PluginManager:220 - loadIPPluginJar : add spi
2024-11-06 17:27:09,271 [INFO] IPUIPlugin:80 - create IPUIPlugin
2024-11-06 17:27:09,272 [INFO] PluginManager:220 - loadIPPluginJar : add stm32_wpan
2024-11-06 17:27:09,317 [INFO] IPUIPlugin:80 - create IPUIPlugin
2024-11-06 17:27:09,317 [INFO] PluginManager:220 - loadIPPluginJar : add tim
2024-11-06 17:27:09,420 [INFO] IPUIPlugin:80 - create IPUIPlugin
2024-11-06 17:27:09,420 [INFO] PluginManager:220 - loadIPPluginJar : add touchsensing
2024-11-06 17:27:09,456 [INFO] IPUIPlugin:80 - create IPUIPlugin
2024-11-06 17:27:09,456 [INFO] PluginManager:220 - loadIPPluginJar : add tracer_emb
2024-11-06 17:27:09,497 [INFO] IPUIPlugin:80 - create IPUIPlugin
2024-11-06 17:27:09,497 [INFO] PluginManager:220 - loadIPPluginJar : add ts
2024-11-06 17:27:09,529 [INFO] IPUIPlugin:80 - create IPUIPlugin
2024-11-06 17:27:09,529 [INFO] PluginManager:220 - loadIPPluginJar : add tsc
2024-11-06 17:27:09,570 [INFO] IPUIPlugin:80 - create IPUIPlugin
2024-11-06 17:27:09,570 [INFO] PluginManager:220 - loadIPPluginJar : add ucpd
2024-11-06 17:27:09,665 [INFO] IPUIPlugin:80 - create IPUIPlugin
2024-11-06 17:27:09,665 [INFO] PluginManager:220 - loadIPPluginJar : add usart
2024-11-06 17:27:09,712 [INFO] IPUIPlugin:80 - create IPUIPlugin
2024-11-06 17:27:09,712 [INFO] PluginManager:220 - loadIPPluginJar : add usbx
2024-11-06 17:27:09,882 [INFO] CADModel:165 - CPN selected for project level
2024-11-06 17:27:09,882 [INFO] CADModel:114 - Register for checkConnection events
2024-11-06 17:27:09,882 [FATAL] Updater:334 - Updater called before beeing initialized
2024-11-06 17:27:09,883 [ERROR] CADModel:125 - Updater not yet initialized, retry later 
2024-11-06 17:27:10,256 [INFO] CADModel:165 - CPN selected for project level
2024-11-06 17:27:10,256 [INFO] CADModel:114 - Register for checkConnection events
2024-11-06 17:27:10,256 [FATAL] Updater:334 - Updater called before beeing initialized
2024-11-06 17:27:10,256 [ERROR] CADModel:125 - Updater not yet initialized, retry later 
2024-11-06 17:27:10,279 [FATAL] Updater:334 - Updater called before beeing initialized
2024-11-06 17:27:10,453 [FATAL] Updater:334 - Updater called before beeing initialized
2024-11-06 17:27:10,464 [INFO] DbMcusAds:53 - JSON generation date=Fri Sep 20 15:04:23 CEST 2024 (1726837463113)
2024-11-06 17:27:10,465 [FATAL] Updater:334 - Updater called before beeing initialized
2024-11-06 17:27:10,740 [WARN] DetailPanel:346 - Failed to get advertising image, set to default
2024-11-06 17:27:10,939 [FATAL] Updater:334 - Updater called before beeing initialized
2024-11-06 17:27:10,941 [FATAL] Updater:334 - Updater called before beeing initialized
2024-11-06 17:27:10,941 [FATAL] Updater:334 - Updater called before beeing initialized
2024-11-06 17:27:10,941 [WARN] DetailPanel:346 - Failed to get advertising image, set to default
2024-11-06 17:27:10,942 [FATAL] Updater:334 - Updater called before beeing initialized
2024-11-06 17:27:11,068 [ERROR] Updater:1164 - MainUpdater not yet initialized. External WinMGr cannot be set.
2024-11-06 17:27:11,090 [INFO] Updater:1100 - Updater Version found : 6.12.1
2024-11-06 17:27:11,145 [INFO] ApplicationProperties:184 - Using Application install path: D:\Program Files\STM32CubeIDE_1.16.1\STM32CubeIDE\plugins\com.st.stm32cube.common.mx_6.12.1.202409122256
2024-11-06 17:27:11,167 [INFO] ThirdPartyUpdaterWithRetryManager:70 - Updater plugin not ready yet. [3/15]
2024-11-06 17:27:11,807 [INFO] MainUpdater:2873 - connection check result : 10
2024-11-06 17:27:11,808 [INFO] MainUpdater:290 - Updater Check For Update Now.
2024-11-06 17:27:11,808 [INFO] MicroXplorer:498 - Change Database Version : DB.6.0.121
2024-11-06 17:27:11,835 [INFO] McuFinderGlobals:63 - Set McuFinder mode to 2 (CubeIDE integrated)
2024-11-06 17:27:11,843 [INFO] UserAuth:417 - Internet connection configuration mode: 1
2024-11-06 17:27:11,965 [INFO] JxBrowserEngine:152 - Initiate JxBrowser Engine with user profile folder
2024-11-06 17:27:12,155 [INFO] CheckServerUpdateThread:120 - End of CheckServer Thread
2024-11-06 17:27:15,117 [WARN] PackLoader:240 - Cannot read IP mode file for STMicroelectronics.FP-SNS-MOTENVWB1.1.4.0
2024-11-06 17:27:15,203 [WARN] PackLoader:240 - Cannot read IP mode file for STMicroelectronics.X-CUBE-SMBUS.2.1.0
2024-11-06 17:27:15,259 [WARN] PackLoader:240 - Cannot read IP mode file for STMicroelectronics.X-CUBE-WB05N.1.1.0
2024-11-06 17:27:15,429 [WARN] PackLoader:240 - Cannot read IP mode file for STMicroelectronics.X-CUBE-AZRTOS-F7.1.1.0
2024-11-06 17:27:15,674 [WARN] PackLoader:240 - Cannot read IP mode file for STMicroelectronics.X-CUBE-MEMS1.11.0.0
2024-11-06 17:27:16,088 [WARN] PackLoader:240 - Cannot read IP mode file for STMicroelectronics.FP-SNS-FLIGHT1.5.0.2
2024-11-06 17:27:16,132 [WARN] PackLoader:240 - Cannot read IP mode file for STMicroelectronics.X-CUBE-DISPLAY.3.0.0
2024-11-06 17:27:16,188 [WARN] PackLoader:240 - Cannot read IP mode file for STMicroelectronics.X-CUBE-BLE1.7.0.0
2024-11-06 17:27:16,273 [WARN] PackLoader:240 - Cannot read IP mode file for STMicroelectronics.X-CUBE-NFC10.1.0.0
2024-11-06 17:27:16,427 [WARN] PackLoader:240 - Cannot read IP mode file for emotas.I-CUBE-CANOPEN.1.3.0
2024-11-06 17:27:16,463 [WARN] PackLoader:240 - Cannot read IP mode file for STMicroelectronics.X-CUBE-BLEMGR.3.1.0
2024-11-06 17:27:16,522 [WARN] PackLoader:240 - Cannot read IP mode file for STMicroelectronics.FP-SNS-SMARTAG2.1.2.0
2024-11-06 17:27:16,649 [INFO] LogOutputStream:77 - [STDOUT_REDIRECT] 1 : Invalid condition id : UX_CORESTACK_Condition cause : null
2024-11-06 17:27:16,650 [INFO] LogOutputStream:77 - [STDOUT_REDIRECT] 1 : Invalid condition id : UX_CORESTACK_Condition cause : null
2024-11-06 17:27:16,651 [INFO] LogOutputStream:77 - [STDOUT_REDIRECT] 1 : Invalid condition id : UX_CORESTACK_Condition cause : null
2024-11-06 17:27:16,652 [INFO] LogOutputStream:77 - [STDOUT_REDIRECT] 1 : Invalid condition id : UX_CORESTACK_Condition cause : null
2024-11-06 17:27:16,653 [INFO] LogOutputStream:77 - [STDOUT_REDIRECT] 1 : Invalid condition id : UX_CORESTACK_Condition cause : null
2024-11-06 17:27:16,655 [WARN] PackLoader:240 - Cannot read IP mode file for STMicroelectronics.X-CUBE-AZRTOS-WL.2.0.0
2024-11-06 17:27:16,688 [WARN] PackLoader:240 - Cannot read IP mode file for STMicroelectronics.FP-SNS-MOTENV1.5.0.0
2024-11-06 17:27:16,741 [WARN] PackLoader:240 - Cannot read IP mode file for wolfSSL.I-CUBE-wolfMQTT.1.19.0
2024-11-06 17:27:16,790 [WARN] PackLoader:240 - Cannot read IP mode file for WES.I-CUBE-Cesium.1.3.0
2024-11-06 17:27:16,820 [WARN] PackLoader:240 - Cannot read IP mode file for STMicroelectronics.X-CUBE-BLE2.3.3.0
2024-11-06 17:27:16,845 [WARN] PackLoader:240 - Cannot read IP mode file for STMicroelectronics.X-CUBE-NFC9.1.0.0
2024-11-06 17:27:16,875 [WARN] PackLoader:240 - Cannot read IP mode file for STMicroelectronics.X-CUBE-TCPP.4.1.0
2024-11-06 17:27:16,916 [WARN] PackLoader:240 - Cannot read IP mode file for STMicroelectronics.X-CUBE-AZRTOS-G0.1.1.0
2024-11-06 17:27:16,990 [WARN] PackLoader:240 - Cannot read IP mode file for STMicroelectronics.X-CUBE-SAFEA1.1.2.2
2024-11-06 17:27:17,064 [WARN] PackLoader:240 - Cannot read IP mode file for STMicroelectronics.X-CUBE-NFC4.3.0.0
2024-11-06 17:27:17,127 [WARN] PackLoader:240 - Cannot read IP mode file for EmbeddedOffice.I-CUBE-FS-RTOS.1.0.1
2024-11-06 17:27:17,127 [ERROR] ConditionMgr:805 - Attr not supported : Dmpu
2024-11-06 17:27:17,127 [ERROR] ConditionMgr:805 - Attr not supported : Dmpu
2024-11-06 17:27:17,127 [ERROR] ConditionMgr:805 - Attr not supported : Dmpu
2024-11-06 17:27:17,128 [ERROR] ConditionMgr:805 - Attr not supported : Dmpu
2024-11-06 17:27:17,128 [ERROR] ConditionMgr:805 - Attr not supported : Dmpu
2024-11-06 17:27:17,128 [ERROR] ConditionMgr:805 - Attr not supported : Dmpu
2024-11-06 17:27:17,128 [ERROR] ConditionMgr:805 - Attr not supported : Dmpu
2024-11-06 17:27:17,128 [ERROR] ConditionMgr:805 - Attr not supported : Dmpu
2024-11-06 17:27:17,128 [ERROR] ConditionMgr:805 - Attr not supported : Dmpu
2024-11-06 17:27:17,128 [ERROR] ConditionMgr:805 - Attr not supported : Dmpu
2024-11-06 17:27:17,128 [ERROR] ConditionMgr:805 - Attr not supported : Dmpu
2024-11-06 17:27:17,128 [ERROR] ConditionMgr:805 - Attr not supported : Dmpu
2024-11-06 17:27:17,128 [ERROR] ConditionMgr:805 - Attr not supported : Dmpu
2024-11-06 17:27:17,128 [ERROR] ConditionMgr:805 - Attr not supported : Dmpu
2024-11-06 17:27:17,128 [ERROR] ConditionMgr:805 - Attr not supported : Dmpu
2024-11-06 17:27:17,128 [ERROR] ConditionMgr:805 - Attr not supported : Dmpu
2024-11-06 17:27:17,128 [ERROR] ConditionMgr:805 - Attr not supported : Dmpu
2024-11-06 17:27:17,129 [ERROR] ConditionMgr:805 - Attr not supported : Dmpu
2024-11-06 17:27:17,129 [ERROR] ConditionMgr:805 - Attr not supported : Dmpu
2024-11-06 17:27:17,129 [ERROR] ConditionMgr:805 - Attr not supported : Dmpu
2024-11-06 17:27:17,129 [ERROR] ConditionMgr:805 - Attr not supported : Dmpu
2024-11-06 17:27:17,129 [ERROR] ConditionMgr:805 - Attr not supported : Dmpu
2024-11-06 17:27:17,129 [ERROR] ConditionMgr:805 - Attr not supported : Dmpu
2024-11-06 17:27:17,129 [ERROR] ConditionMgr:805 - Attr not supported : Dmpu
2024-11-06 17:27:17,129 [ERROR] ConditionMgr:805 - Attr not supported : Dmpu
2024-11-06 17:27:17,129 [ERROR] ConditionMgr:805 - Attr not supported : Dmpu
2024-11-06 17:27:17,129 [ERROR] ConditionMgr:805 - Attr not supported : Dmpu
2024-11-06 17:27:17,130 [ERROR] ConditionMgr:805 - Attr not supported : Dmpu
2024-11-06 17:27:17,130 [ERROR] ConditionMgr:805 - Attr not supported : Dmpu
2024-11-06 17:27:17,130 [ERROR] ConditionMgr:805 - Attr not supported : Dmpu
2024-11-06 17:27:17,130 [ERROR] ConditionMgr:805 - Attr not supported : Dmpu
2024-11-06 17:27:17,130 [ERROR] ConditionMgr:805 - Attr not supported : Dmpu
2024-11-06 17:27:17,130 [ERROR] ConditionMgr:805 - Attr not supported : Dmpu
2024-11-06 17:27:17,130 [ERROR] ConditionMgr:805 - Attr not supported : Dmpu
2024-11-06 17:27:17,130 [ERROR] ConditionMgr:805 - Attr not supported : Dmpu
2024-11-06 17:27:17,131 [ERROR] ConditionMgr:805 - Attr not supported : Dmpu
2024-11-06 17:27:17,131 [ERROR] ConditionMgr:805 - Attr not supported : Dmpu
2024-11-06 17:27:17,131 [ERROR] ConditionMgr:805 - Attr not supported : Dmpu
2024-11-06 17:27:17,131 [ERROR] ConditionMgr:805 - Attr not supported : Dmpu
2024-11-06 17:27:17,131 [ERROR] ConditionMgr:805 - Attr not supported : Dmpu
2024-11-06 17:27:17,131 [ERROR] ConditionMgr:805 - Attr not supported : Dmpu
2024-11-06 17:27:17,131 [ERROR] ConditionMgr:805 - Attr not supported : Dmpu
2024-11-06 17:27:17,131 [ERROR] ConditionMgr:805 - Attr not supported : Dmpu
2024-11-06 17:27:17,131 [ERROR] ConditionMgr:805 - Attr not supported : Dmpu
2024-11-06 17:27:17,131 [ERROR] ConditionMgr:805 - Attr not supported : Dmpu
2024-11-06 17:27:17,131 [ERROR] ConditionMgr:805 - Attr not supported : Dmpu
2024-11-06 17:27:17,132 [ERROR] ConditionMgr:805 - Attr not supported : Dmpu
2024-11-06 17:27:17,132 [ERROR] ConditionMgr:805 - Attr not supported : Dmpu
2024-11-06 17:27:17,132 [ERROR] ConditionMgr:805 - Attr not supported : Dmpu
2024-11-06 17:27:17,132 [ERROR] ConditionMgr:805 - Attr not supported : Dmpu
2024-11-06 17:27:17,132 [ERROR] ConditionMgr:805 - Attr not supported : Dmpu
2024-11-06 17:27:17,132 [ERROR] ConditionMgr:805 - Attr not supported : Dmpu
2024-11-06 17:27:17,132 [ERROR] ConditionMgr:805 - Attr not supported : Dmpu
2024-11-06 17:27:17,132 [ERROR] ConditionMgr:805 - Attr not supported : Dmpu
2024-11-06 17:27:17,132 [ERROR] ConditionMgr:805 - Attr not supported : Dmpu
2024-11-06 17:27:17,132 [ERROR] ConditionMgr:805 - Attr not supported : Dmpu
2024-11-06 17:27:17,132 [ERROR] ConditionMgr:805 - Attr not supported : Dmpu
2024-11-06 17:27:17,132 [ERROR] ConditionMgr:805 - Attr not supported : Dmpu
2024-11-06 17:27:17,132 [ERROR] ConditionMgr:805 - Attr not supported : Dmpu
2024-11-06 17:27:17,132 [ERROR] ConditionMgr:805 - Attr not supported : Dmpu
2024-11-06 17:27:17,132 [ERROR] ConditionMgr:805 - Attr not supported : Dmpu
2024-11-06 17:27:17,133 [ERROR] ConditionMgr:805 - Attr not supported : Dmpu
2024-11-06 17:27:17,133 [ERROR] ConditionMgr:805 - Attr not supported : Dmpu
2024-11-06 17:27:17,133 [ERROR] ConditionMgr:805 - Attr not supported : Dmpu
2024-11-06 17:27:17,179 [WARN] PackLoader:240 - Cannot read IP mode file for RealThread.X-CUBE-RT-Thread_Nano.4.1.1
2024-11-06 17:27:17,245 [WARN] PackLoader:240 - Cannot read IP mode file for STMicroelectronics.FP-ATR-SIGFOX1.3.2.0
2024-11-06 17:27:17,285 [WARN] PackLoader:240 - Cannot read IP mode file for wolfSSL.I-CUBE-wolfSSL.5.7.2
2024-11-06 17:27:17,318 [WARN] PackLoader:240 - Cannot read IP mode file for STMicroelectronics.X-CUBE-EEPRMA1.5.1.0
2024-11-06 17:27:17,356 [WARN] PackLoader:240 - Cannot read IP mode file for ITTIA_DB.I-CUBE-ITTIADB.8.9.0
2024-11-06 17:27:17,507 [WARN] PackLoader:240 - Cannot read IP mode file for SEGGER.I-CUBE-embOS.1.3.1
2024-11-06 17:27:17,609 [WARN] PackLoader:240 - Cannot read IP mode file for STMicroelectronics.X-CUBE-ALGOBUILD.1.4.0
2024-11-06 17:27:17,672 [WARN] PackLoader:240 - Cannot read IP mode file for STMicroelectronics.X-CUBE-AI.9.1.0
2024-11-06 17:27:17,774 [WARN] PackLoader:240 - Cannot read IP mode file for STMicroelectronics.X-CUBE-AZRTOS-F4.1.1.0
2024-11-06 17:27:17,815 [WARN] PackLoader:240 - Cannot read IP mode file for STMicroelectronics.X-CUBE-ISPU.2.1.0
2024-11-06 17:27:17,866 [WARN] PackLoader:240 - Cannot read IP mode file for STMicroelectronics.X-CUBE-FREERTOS.1.2.0
2024-11-06 17:27:18,086 [WARN] PackLoader:240 - Cannot read IP mode file for STMicroelectronics.X-CUBE-AZRTOS-L5.2.0.0
2024-11-06 17:27:18,125 [WARN] PackLoader:240 - Cannot read IP mode file for STMicroelectronics.X-CUBE-NFC6.3.1.0
2024-11-06 17:27:18,211 [WARN] PackLoader:240 - Cannot read IP mode file for STMicroelectronics.X-CUBE-DPower.1.2.0
2024-11-06 17:27:18,378 [WARN] PackLoader:240 - Cannot read IP mode file for STMicroelectronics.X-CUBE-NFC7.1.0.1
2024-11-06 17:27:18,531 [WARN] ConditionMgr:438 - getConditionDescription Invalid condition id : LAN8742 Phy interface Condition cause : null
2024-11-06 17:27:18,532 [WARN] PackLoader:240 - Cannot read IP mode file for STMicroelectronics.X-CUBE-AZRTOS-L4.2.0.0
2024-11-06 17:27:18,534 [WARN] ConditionMgr:1039 - genDependencies : Invalid condition id : LAN8742 Phy interface Condition cause : null
2024-11-06 17:27:18,535 [WARN] ConditionMgr:1039 - genDependencies : Invalid condition id : LAN8742 Phy interface Condition cause : null
2024-11-06 17:27:18,537 [WARN] ConditionMgr:1039 - genDependencies : Invalid condition id : LAN8742 Phy interface Condition cause : null
2024-11-06 17:27:18,566 [WARN] PackLoader:240 - Cannot read IP mode file for STMicroelectronics.X-CUBE-SFXS2LP1.4.0.0
2024-11-06 17:27:18,616 [WARN] PackLoader:240 - Cannot read IP mode file for STMicroelectronics.X-CUBE-AZRTOS-H7.3.3.0
2024-11-06 17:27:18,667 [WARN] PackLoader:240 - Cannot read IP mode file for STMicroelectronics.X-CUBE-IPS.3.0.0
2024-11-06 17:27:18,720 [WARN] ConditionMgr:438 - getConditionDescription Invalid condition id : UX DEVICE CLASS RTOS Condition cause : null
2024-11-06 17:27:18,720 [WARN] ConditionMgr:438 - getConditionDescription Invalid condition id : UX DEVICE CLASS RTOS Condition cause : null
2024-11-06 17:27:18,721 [WARN] PackLoader:240 - Cannot read IP mode file for STMicroelectronics.X-CUBE-AZRTOS-WB.2.0.0
2024-11-06 17:27:18,722 [WARN] ConditionMgr:1039 - genDependencies : Invalid condition id : UX DEVICE CLASS RTOS Condition cause : null
2024-11-06 17:27:18,722 [WARN] ConditionMgr:1039 - genDependencies : Invalid condition id : UX DEVICE CLASS RTOS Condition cause : null
2024-11-06 17:27:18,723 [WARN] ConditionMgr:1039 - genDependencies : Invalid condition id : UX DEVICE CLASS RTOS Condition cause : null
2024-11-06 17:27:18,723 [WARN] ConditionMgr:1039 - genDependencies : Invalid condition id : UX DEVICE CLASS RTOS Condition cause : null
2024-11-06 17:27:18,723 [WARN] ConditionMgr:1039 - genDependencies : Invalid condition id : UX DEVICE CLASS RTOS Condition cause : null
2024-11-06 17:27:18,754 [WARN] PackLoader:240 - Cannot read IP mode file for STMicroelectronics.X-CUBE-GNSS1.7.0.0
2024-11-06 17:27:18,811 [WARN] PackLoader:240 - Cannot read IP mode file for STMicroelectronics.FP-SNS-STBOX1.2.0.0
2024-11-06 17:27:18,847 [WARN] PackLoader:240 - Cannot read IP mode file for STMicroelectronics.X-CUBE-SUBG2.5.0.0
2024-11-06 17:27:18,875 [WARN] PackLoader:240 - Cannot read IP mode file for Cesanta.I-CUBE-Mongoose.7.13.0
2024-11-06 17:27:18,911 [WARN] PackLoader:240 - Cannot read IP mode file for STMicroelectronics.X-CUBE-AZRTOS-G4.2.0.0
2024-11-06 17:27:18,936 [WARN] PackLoader:240 - Cannot read IP mode file for STMicroelectronics.X-CUBE-ALS.1.0.2
2024-11-06 17:27:18,962 [WARN] PackLoader:240 - Cannot read IP mode file for STMicroelectronics.X-CUBE-TOUCHGFX.4.24.1
2024-11-06 17:27:18,982 [WARN] PackLoader:240 - Cannot read IP mode file for wolfSSL.I-CUBE-wolfTPM.3.4.0
2024-11-06 17:27:19,001 [WARN] PackLoader:240 - Cannot read IP mode file for portGmbH.I-Cube-SoM-uGOAL.1.1.0
2024-11-06 17:27:19,057 [WARN] PackLoader:240 - Cannot read IP mode file for STMicroelectronics.X-CUBE-AZRTOS-H7RS.1.0.0
2024-11-06 17:27:19,085 [WARN] PackLoader:240 - Cannot read IP mode file for STMicroelectronics.FP-ATR-ASTRA1.2.0.0
2024-11-06 17:27:19,127 [WARN] PackLoader:240 - Cannot read IP mode file for STMicroelectronics.X-CUBE-TOF1.3.4.2
2024-11-06 17:27:19,397 [WARN] PackLoader:240 - Cannot read IP mode file for Infineon.AIROC-Wi-Fi-Bluetooth-STM32.1.6.1
2024-11-06 17:27:19,425 [WARN] PackLoader:240 - Cannot read IP mode file for wolfSSL.I-CUBE-wolfSSH.1.4.17
2024-11-06 17:27:19,426 [INFO] ThirdParty:978 - Integrity check success = true
2024-11-06 17:27:19,426 [INFO] IntegrityCheckThread:100 - exiting critical section [integrity check]
2024-11-06 17:27:19,426 [INFO] IntegrityCheckThread:103 - End integrity checks thread
2024-11-06 17:27:42,304 [INFO] WebApp:167 - Instantiating new browser for Auth
2024-11-06 17:27:50,451 [INFO] WebApp:448 - Apply proxy settings
2024-11-06 17:27:50,452 [INFO] WebApp:533 - Chromium requires no authentication
2024-11-06 17:27:51,126 [INFO] WebApp:476 - Direct internet connection detected
2024-11-06 17:27:52,316 [INFO] WebApp:869 - Register for checkConnection events
2024-11-06 17:27:52,316 [INFO] WebApp:448 - Apply proxy settings
2024-11-06 17:27:52,317 [INFO] WebApp:533 - Chromium requires no authentication
2024-11-06 17:27:52,317 [INFO] WebApp:476 - Direct internet connection detected
2024-11-06 17:27:55,067 [INFO] WebApp:186 - Connection restablished
2024-11-06 17:28:01,202 [INFO] WebApp:220 - Starting web application
2024-11-06 17:28:01,202 [INFO] WebApp:578 - Web application path used D:\Program Files\STM32CubeIDE_1.16.1\STM32CubeIDE\plugins\com.st.stm32cube.common.mx_6.12.1.202409122256\db\plugins\mcufinder\reactClient1\index.html
2024-11-06 17:28:01,797 [INFO] UserAuth:417 - Internet connection configuration mode: 1
